[2023-09-06T12:16:53.053Z] [org.springframework.boot.StartupInfoLogger] [55] [INFO ] Starting RSkuApplication using Java 1.8.0_201 on DESKTOP-RUG5JL2 with PID 6592 (D:\Pervez\C4\RSKU_Project\rSku\target\classes started by mohammap in D:\Pervez\C4\RSKU_Project\rSku)
[2023-09-06T12:16:53.053Z] [org.springframework.boot.StartupInfoLogger] [56] [DEBUG] Running with Spring Boot v2.5.4, Spring v5.3.9
[2023-09-06T12:16:53.053Z] [org.springframework.boot.SpringApplication] [663] [INFO ] The following profiles are active: pro
[2023-09-06T12:16:53.053Z] [org.springframework.boot.logging.DeferredLog] [255] [INFO ] The Class-Path manifest attribute in D:\Users\mohammap\.m2\repository\com\oracle\database\jdbc\ojdbc8\21.1.0.0\ojdbc8-21.1.0.0.jar referenced one or more files that do not exist: file:/D:/Users/mohammap/.m2/repository/com/oracle/database/jdbc/ojdbc8/21.1.0.0/oraclepki.jar
[2023-09-06T12:16:53.053Z] [org.springframework.boot.logging.DeferredLog] [255] [INFO ] Devtools property defaults active! Set 'spring.devtools.add-properties' to 'false' to disable
[2023-09-06T12:16:53.053Z] [org.springframework.boot.logging.DeferredLog] [255] [INFO ] For additional web related logging consider setting the 'logging.level.web' property to 'DEBUG'
[2023-09-06T12:16:56.056Z] [org.springframework.data.repository.config.RepositoryConfigurationDelegate] [132] [INFO ] Bootstrapping Spring Data JPA repositories in DEFAULT mode.
[2023-09-06T12:16:56.056Z] [org.springframework.data.repository.config.RepositoryConfigurationDelegate] [201] [INFO ] Finished Spring Data repository scanning in 80 ms. Found 0 JPA repository interfaces.
[2023-09-06T12:16:58.058Z] [org.springframework.boot.web.embedded.tomcat.TomcatWebServer] [108] [INFO ] Tomcat initialized with port(s): 8081 (http)
[2023-09-06T12:16:58.058Z] [org.apache.juli.logging.DirectJDKLog] [173] [INFO ] Starting service [Tomcat]
[2023-09-06T12:16:58.058Z] [org.apache.juli.logging.DirectJDKLog] [173] [INFO ] Starting Servlet engine: [Apache Tomcat/9.0.52]
[2023-09-06T12:16:58.058Z] [org.apache.juli.logging.DirectJDKLog] [173] [INFO ] Initializing Spring embedded WebApplicationContext
[2023-09-06T12:16:58.058Z] [org.springframework.boot.web.servlet.context.ServletWebServerApplicationContext] [290] [INFO ] Root WebApplicationContext: initialization completed in 5473 ms
[2023-09-06T12:16:59.059Z] [com.zaxxer.hikari.HikariDataSource] [110] [INFO ] HikariPool-1 - Starting...
[2023-09-06T12:17:01.001Z] [com.zaxxer.hikari.HikariDataSource] [123] [INFO ] HikariPool-1 - Start completed.
[2023-09-06T12:17:01.001Z] [org.hibernate.jpa.internal.util.LogHelper] [31] [INFO ] HHH000204: Processing PersistenceUnitInfo [name: default]
[2023-09-06T12:17:02.002Z] [org.hibernate.Version] [44] [INFO ] HHH000412: Hibernate ORM core version 5.4.32.Final
[2023-09-06T12:17:02.002Z] [org.hibernate.annotations.common.reflection.java.JavaReflectionManager] [56] [INFO ] HCANN000001: Hibernate Commons Annotations {5.1.2.Final}
[2023-09-06T12:17:02.002Z] [org.hibernate.dialect.Dialect] [175] [INFO ] HHH000400: Using dialect: org.hibernate.dialect.Oracle12cDialect
[2023-09-06T12:17:05.005Z] [org.hibernate.engine.transaction.jta.platform.internal.JtaPlatformInitiator] [52] [INFO ] HHH000490: Using JtaPlatform implementation: [org.hibernate.engine.transaction.jta.platform.internal.NoJtaPlatform]
[2023-09-06T12:17:05.005Z] [org.springframework.orm.jpa.AbstractEntityManagerFactoryBean] [437] [INFO ] Initialized JPA EntityManagerFactory for persistence unit 'default'
[2023-09-06T12:17:06.006Z] [org.springframework.boot.autoconfigure.orm.jpa.JpaBaseConfiguration$JpaWebConfiguration] [219] [WARN ] spring.jpa.open-in-view is enabled by default. Therefore, database queries may be performed during view rendering. Explicitly configure spring.jpa.open-in-view to disable this warning
[2023-09-06T12:17:07.007Z] [com.hp.c4.rsku.rSku.configuration.LoadRskuDBService] [42] [INFO ] Loading All C4 DB properties into C4 Env = PROD:../c4_rsku_PROD.properties
[2023-09-06T12:17:07.007Z] [com.hp.c4.rsku.rSku.configuration.LoadRskuDBService] [56] [INFO ]  ***** In Try block: FileInputStream in is closed.  
[2023-09-06T12:17:07.007Z] [com.hp.c4.rsku.rSku.configuration.LoadRskuDBService] [66] [INFO ]  *****  In  block :  BufferedFileReader - tLineReader  is closed
[2023-09-06T12:17:07.007Z] [com.hp.c4.rsku.rSku.dbio.persistent.CdbConnectionMgr] [78] [INFO ] EPam Property File Path : D:/Pervez/C4/RSKU_Project/epam_config_PROD.properties
[2023-09-06T12:17:07.007Z] [com.hp.c4.rsku.rSku.dbio.persistent.CdbConnectionMgr] [127] [INFO ] EPam..{EPAM_C4_API_HOST_NAME_PWD_CACHE=15.63.21.3, EPAM_C4_API_RUN_AS_USER=auth.hpicorp.net\EPAMC4PRODRUNAS, EPAM_C4_API_KEY_STORE_PWD=changeit, EPAM_C4_API_KEY=ODU2MWZkMTY4YmQwY2I4OTg4MzljNWFmMzhlZmQ1MDg4Nzg3MDU1Y2YxNWEyMmRlY2Y0Y2MxZmNmYzk1MzhkNzAyMzFiZTFiZmIwMTNiOTgzYmNiNjViMDQ3MzdlYzE1MTQxOTg4M2EwYWNjNmUxYjNjY2JjMmYwZWU3MjI0N2U=, EPAM_C4_API_HOST_NAME_LLB=epam-dc-prod.corp.hpicloud.net, EPAM_C4_API_KEY_STORE_FILE=D:/epam_cer/2023/Test/PROD/keystore_ca.cer}:
[2023-09-06T12:17:07.007Z] [com.hp.c4.rsku.rSku.rest.epam.api.C4EpamApi] [39] [INFO ] *****************************************************************************************************
[2023-09-06T12:17:07.007Z] [com.hp.c4.rsku.rSku.rest.epam.api.C4EpamApi] [56] [INFO ] Connecting to External API...... For EPAM Authentication........Started ....{EPAM_C4_API_HOST_NAME_PWD_CACHE=15.63.21.3, EPAM_ACCOUNT_NAME=c4prod, EPAM_C4_API_RUN_AS_USER=auth.hpicorp.net\EPAMC4PRODRUNAS, EPAM_C4_API_KEY_STORE_PWD=changeit, EPAM_C4_API_KEY=ODU2MWZkMTY4YmQwY2I4OTg4MzljNWFmMzhlZmQ1MDg4Nzg3MDU1Y2YxNWEyMmRlY2Y0Y2MxZmNmYzk1MzhkNzAyMzFiZTFiZmIwMTNiOTgzYmNiNjViMDQ3MzdlYzE1MTQxOTg4M2EwYWNjNmUxYjNjY2JjMmYwZWU3MjI0N2U=, EPAM_C4_API_HOST_NAME_LLB=epam-dc-prod.corp.hpicloud.net, EPAM_SYSTEM_NAME=c4onsp.inc.hpicorp.net%20(Db%20Instance:%20C4ONSP,%20Port:1525), EPAM_C4_API_KEY_STORE_FILE=D:/epam_cer/2023/Test/PROD/keystore_ca.cer}
[2023-09-06T12:17:07.007Z] [com.hp.c4.rsku.rSku.rest.epam.api.C4EpamApi] [63] [ERROR] Exception occured at EPAM Service callsFailed to post data to Password Safe =java.lang.RuntimeException: Unexpected error: java.security.InvalidAlgorithmParameterException: the trustAnchors parameter must be non-empty: Failover at := 15.63.21.3
[2023-09-06T12:17:07.007Z] [com.hp.c4.rsku.rSku.rest.epam.api.C4EpamApi] [69] [ERROR] Exception occured at EPAM Service callsFailed to post data to Password Safe =java.lang.RuntimeException: Unexpected error: java.security.InvalidAlgorithmParameterException: the trustAnchors parameter must be non-empty: Failover at := epam-dc-prod.corp.hpicloud.net
[2023-09-06T12:17:07.007Z] [com.hp.c4.rsku.rSku.configuration.LoadRskuDBService] [88] [ERROR] Error: CdbConnectionMgr.getConnection(). Error - No database password specified 
[2023-09-06T12:17:07.007Z] [com.hp.c4.rsku.rSku.dbio.persistent.cache.Cache] [318] [ERROR] Exception occured at....null:dbName=c4.dbPool.OnlineShort
[2023-09-06T12:17:07.007Z] [com.hp.c4.rsku.rSku.dbio.persistent.cache.Cache] [260] [ERROR] Exception occured at....null:dbName=c4.dbPool.OnlineShort
[2023-09-06T12:17:07.007Z] [com.hp.c4.rsku.rSku.rest.services.C4CostProcessingService] [145] [INFO ] All PL Masking Elements & Default (Cost Elements & MOT) initialized completes : 0
[2023-09-06T12:17:07.007Z] [com.hp.c4.rsku.rSku.dbio.persistent.cache.Cache] [732] [ERROR] Exception occured at....null:dbName=c4.dbPool.OnlineShort
[2023-09-06T12:17:08.008Z] [org.springframework.boot.devtools.autoconfigure.OptionalLiveReloadServer] [58] [INFO ] LiveReload server is running on port 35729
[2023-09-06T12:17:09.009Z] [org.springframework.boot.web.embedded.tomcat.TomcatWebServer] [220] [INFO ] Tomcat started on port(s): 8081 (http) with context path ''
[2023-09-06T12:17:09.009Z] [springfox.documentation.spring.web.plugins.DocumentationPluginsBootstrapper] [120] [INFO ] Context refreshed
[2023-09-06T12:17:09.009Z] [springfox.documentation.spring.web.plugins.DocumentationPluginsBootstrapper] [123] [INFO ] Found 1 custom documentation plugin(s)
[2023-09-06T12:17:09.009Z] [springfox.documentation.spring.web.scanners.ApiListingReferenceScanner] [41] [INFO ] Scanning for api listing references
[2023-09-06T12:17:09.009Z] [org.springframework.boot.StartupInfoLogger] [61] [INFO ] Started RSkuApplication in 18.053 seconds (JVM running for 21.688)
[2023-09-06T12:27:54.054Z] [org.springframework.boot.StartupInfoLogger] [55] [INFO ] Starting RSkuApplication using Java 1.8.0_201 on DESKTOP-RUG5JL2 with PID 17364 (D:\Pervez\C4\RSKU_Project\rSku\target\classes started by mohammap in D:\Pervez\C4\RSKU_Project\rSku)
[2023-09-06T12:27:54.054Z] [org.springframework.boot.StartupInfoLogger] [56] [DEBUG] Running with Spring Boot v2.5.4, Spring v5.3.9
[2023-09-06T12:27:54.054Z] [org.springframework.boot.SpringApplication] [663] [INFO ] The following profiles are active: pro
[2023-09-06T12:27:54.054Z] [org.springframework.boot.logging.DeferredLog] [255] [INFO ] The Class-Path manifest attribute in D:\Users\mohammap\.m2\repository\com\oracle\database\jdbc\ojdbc8\21.1.0.0\ojdbc8-21.1.0.0.jar referenced one or more files that do not exist: file:/D:/Users/mohammap/.m2/repository/com/oracle/database/jdbc/ojdbc8/21.1.0.0/oraclepki.jar
[2023-09-06T12:27:54.054Z] [org.springframework.boot.logging.DeferredLog] [255] [INFO ] Devtools property defaults active! Set 'spring.devtools.add-properties' to 'false' to disable
[2023-09-06T12:27:54.054Z] [org.springframework.boot.logging.DeferredLog] [255] [INFO ] For additional web related logging consider setting the 'logging.level.web' property to 'DEBUG'
[2023-09-06T12:27:56.056Z] [org.springframework.data.repository.config.RepositoryConfigurationDelegate] [132] [INFO ] Bootstrapping Spring Data JPA repositories in DEFAULT mode.
[2023-09-06T12:27:56.056Z] [org.springframework.data.repository.config.RepositoryConfigurationDelegate] [201] [INFO ] Finished Spring Data repository scanning in 71 ms. Found 0 JPA repository interfaces.
[2023-09-06T12:27:57.057Z] [org.springframework.boot.web.embedded.tomcat.TomcatWebServer] [108] [INFO ] Tomcat initialized with port(s): 8081 (http)
[2023-09-06T12:27:57.057Z] [org.apache.juli.logging.DirectJDKLog] [173] [INFO ] Starting service [Tomcat]
[2023-09-06T12:27:57.057Z] [org.apache.juli.logging.DirectJDKLog] [173] [INFO ] Starting Servlet engine: [Apache Tomcat/9.0.52]
[2023-09-06T12:27:57.057Z] [org.apache.juli.logging.DirectJDKLog] [173] [INFO ] Initializing Spring embedded WebApplicationContext
[2023-09-06T12:27:57.057Z] [org.springframework.boot.web.servlet.context.ServletWebServerApplicationContext] [290] [INFO ] Root WebApplicationContext: initialization completed in 3297 ms
[2023-09-06T12:27:58.058Z] [com.zaxxer.hikari.HikariDataSource] [110] [INFO ] HikariPool-1 - Starting...
[2023-09-06T12:27:59.059Z] [com.zaxxer.hikari.HikariDataSource] [123] [INFO ] HikariPool-1 - Start completed.
[2023-09-06T12:28:00.000Z] [org.hibernate.jpa.internal.util.LogHelper] [31] [INFO ] HHH000204: Processing PersistenceUnitInfo [name: default]
[2023-09-06T12:28:00.000Z] [org.hibernate.Version] [44] [INFO ] HHH000412: Hibernate ORM core version 5.4.32.Final
[2023-09-06T12:28:00.000Z] [org.hibernate.annotations.common.reflection.java.JavaReflectionManager] [56] [INFO ] HCANN000001: Hibernate Commons Annotations {5.1.2.Final}
[2023-09-06T12:28:00.000Z] [org.hibernate.dialect.Dialect] [175] [INFO ] HHH000400: Using dialect: org.hibernate.dialect.Oracle12cDialect
[2023-09-06T12:28:02.002Z] [org.hibernate.engine.transaction.jta.platform.internal.JtaPlatformInitiator] [52] [INFO ] HHH000490: Using JtaPlatform implementation: [org.hibernate.engine.transaction.jta.platform.internal.NoJtaPlatform]
[2023-09-06T12:28:02.002Z] [org.springframework.orm.jpa.AbstractEntityManagerFactoryBean] [437] [INFO ] Initialized JPA EntityManagerFactory for persistence unit 'default'
[2023-09-06T12:28:03.003Z] [org.springframework.boot.autoconfigure.orm.jpa.JpaBaseConfiguration$JpaWebConfiguration] [219] [WARN ] spring.jpa.open-in-view is enabled by default. Therefore, database queries may be performed during view rendering. Explicitly configure spring.jpa.open-in-view to disable this warning
[2023-09-06T12:28:04.004Z] [com.hp.c4.rsku.rSku.configuration.LoadRskuDBService] [42] [INFO ] Loading All C4 DB properties into C4 Env = PROD:../c4_rsku_PROD.properties
[2023-09-06T12:28:04.004Z] [com.hp.c4.rsku.rSku.configuration.LoadRskuDBService] [56] [INFO ]  ***** In Try block: FileInputStream in is closed.  
[2023-09-06T12:28:04.004Z] [com.hp.c4.rsku.rSku.configuration.LoadRskuDBService] [66] [INFO ]  *****  In  block :  BufferedFileReader - tLineReader  is closed
[2023-09-06T12:28:04.004Z] [com.hp.c4.rsku.rSku.dbio.persistent.CdbConnectionMgr] [78] [INFO ] EPam Property File Path : D:/Pervez/C4/RSKU_Project/epam_config_PROD.properties
[2023-09-06T12:28:05.005Z] [com.hp.c4.rsku.rSku.dbio.persistent.CdbConnectionMgr] [127] [INFO ] EPam..{EPAM_C4_API_HOST_NAME_PWD_CACHE=15.63.21.3, EPAM_C4_API_RUN_AS_USER=auth.hpicorp.net\EPAMC4PRODRUNAS, EPAM_C4_API_KEY_STORE_PWD=changeit, EPAM_C4_API_KEY=ODU2MWZkMTY4YmQwY2I4OTg4MzljNWFmMzhlZmQ1MDg4Nzg3MDU1Y2YxNWEyMmRlY2Y0Y2MxZmNmYzk1MzhkNzAyMzFiZTFiZmIwMTNiOTgzYmNiNjViMDQ3MzdlYzE1MTQxOTg4M2EwYWNjNmUxYjNjY2JjMmYwZWU3MjI0N2U=, EPAM_C4_API_HOST_NAME_LLB=epam-dc-prod.corp.hpicloud.net, EPAM_C4_API_KEY_STORE_FILE=D:/epam_cer/2023/Test/PROD/keystore_ca.cer}:
[2023-09-06T12:28:05.005Z] [com.hp.c4.rsku.rSku.rest.epam.api.C4EpamApi] [39] [INFO ] *****************************************************************************************************
[2023-09-06T12:28:05.005Z] [com.hp.c4.rsku.rSku.rest.epam.api.C4EpamApi] [56] [INFO ] Connecting to External API...... For EPAM Authentication........Started ....{EPAM_C4_API_HOST_NAME_PWD_CACHE=15.63.21.3, EPAM_ACCOUNT_NAME=c4prod, EPAM_C4_API_RUN_AS_USER=auth.hpicorp.net\EPAMC4PRODRUNAS, EPAM_C4_API_KEY_STORE_PWD=changeit, EPAM_C4_API_KEY=ODU2MWZkMTY4YmQwY2I4OTg4MzljNWFmMzhlZmQ1MDg4Nzg3MDU1Y2YxNWEyMmRlY2Y0Y2MxZmNmYzk1MzhkNzAyMzFiZTFiZmIwMTNiOTgzYmNiNjViMDQ3MzdlYzE1MTQxOTg4M2EwYWNjNmUxYjNjY2JjMmYwZWU3MjI0N2U=, EPAM_C4_API_HOST_NAME_LLB=epam-dc-prod.corp.hpicloud.net, EPAM_SYSTEM_NAME=c4onsp.inc.hpicorp.net%20(Db%20Instance:%20C4ONSP,%20Port:1525), EPAM_C4_API_KEY_STORE_FILE=D:/epam_cer/2023/Test/PROD/keystore_ca.cer}
[2023-09-06T12:28:05.005Z] [com.hp.c4.rsku.rSku.rest.epam.api.C4EpamApi] [75] [INFO ] Signed in as EPAMC4PRODRUNAS
[2023-09-06T12:28:05.005Z] [com.hp.c4.rsku.rSku.rest.epam.api.C4EpamApi] [80] [INFO ] Found System|Account: c4onsp.inc.hpicorp.net (Db Instance: c4onsp, Port:1525)|c4prod
[2023-09-06T12:28:05.005Z] [com.hp.c4.rsku.rSku.rest.epam.api.C4EpamApi] [91] [INFO ] Request ID: 8905579
[2023-09-06T12:28:05.005Z] [com.hp.c4.rsku.rSku.rest.epam.api.C4EpamApi] [96] [INFO ] ---
[2023-09-06T12:28:05.005Z] [com.hp.c4.rsku.rSku.rest.epam.api.C4EpamApi] [97] [INFO ] DFER*C4ON_458
[2023-09-06T12:28:05.005Z] [com.hp.c4.rsku.rSku.rest.epam.api.C4EpamApi] [98] [INFO ] ---
[2023-09-06T12:28:05.005Z] [com.hp.c4.rsku.rSku.rest.epam.api.C4EpamApi] [102] [INFO ] Request checked-in
[2023-09-06T12:28:06.006Z] [com.hp.c4.rsku.rSku.rest.epam.api.C4EpamApi] [106] [INFO ] Signed out
[2023-09-06T12:28:06.006Z] [com.hp.c4.rsku.rSku.rest.epam.api.C4EpamApi] [108] [INFO ] *****************************************************************************************************
[2023-09-06T12:28:06.006Z] [com.hp.c4.rsku.rSku.dbio.persistent.CdbConnectionMgr] [161] [INFO ] DB Password==DFER*C4ON_458:c4prod:jdbc:oracle:thin:@(DESCRIPTION = (SDU = 32768) (enable = broken) (LOAD_BALANCE = yes) (ADDRESS = (PROTOCOL = TCP)(HOST = c4onsp.inc.hpicorp.net)(PORT = 1525)) (ADDRESS = (PROTOCOL = TCP)(HOST = c4onsp.inc.hpicorp.net)(PORT = 1525)) (CONNECT_DATA = (SERVICE_NAME = C4ONSP)))
[2023-09-06T12:28:06.006Z] [com.hp.c4.rsku.rSku.dbio.persistent.CdbConnectionMgr] [203] [INFO ] ons string: nodes=c4onsp.inc.hpicorp.net:6200,c4onsp.inc.hpicorp.net:6200,c4onsp.inc.hpicorp.net:6200,c4onsp.inc.hpicorp.net:6200
[2023-09-06T12:28:06.006Z] [com.hp.c4.rsku.rSku.dbio.persistent.CdbConnectionMgr] [67] [INFO ] Pool created successfully for : c4.dbPool.OnlineShort
[2023-09-06T12:28:06.006Z] [com.hp.c4.rsku.rSku.dbio.persistent.CdbConnectionMgr] [78] [INFO ] EPam Property File Path : D:/Pervez/C4/RSKU_Project/epam_config_PROD.properties
[2023-09-06T12:28:06.006Z] [com.hp.c4.rsku.rSku.dbio.persistent.CdbConnectionMgr] [127] [INFO ] EPam..{EPAM_C4_API_HOST_NAME_PWD_CACHE=15.63.21.3, EPAM_ACCOUNT_NAME=c4prod, EPAM_C4_API_RUN_AS_USER=auth.hpicorp.net\EPAMC4PRODRUNAS, EPAM_C4_API_KEY_STORE_PWD=changeit, EPAM_C4_API_KEY=ODU2MWZkMTY4YmQwY2I4OTg4MzljNWFmMzhlZmQ1MDg4Nzg3MDU1Y2YxNWEyMmRlY2Y0Y2MxZmNmYzk1MzhkNzAyMzFiZTFiZmIwMTNiOTgzYmNiNjViMDQ3MzdlYzE1MTQxOTg4M2EwYWNjNmUxYjNjY2JjMmYwZWU3MjI0N2U=, EPAM_C4_API_HOST_NAME_LLB=epam-dc-prod.corp.hpicloud.net, EPAM_SYSTEM_NAME=c4onsp.inc.hpicorp.net%20(Db%20Instance:%20C4ONSP,%20Port:1525), EPAM_C4_API_KEY_STORE_FILE=D:/epam_cer/2023/Test/PROD/keystore_ca.cer}:
[2023-09-06T12:28:06.006Z] [com.hp.c4.rsku.rSku.rest.epam.api.C4EpamApi] [39] [INFO ] *****************************************************************************************************
[2023-09-06T12:28:06.006Z] [com.hp.c4.rsku.rSku.rest.epam.api.C4EpamApi] [56] [INFO ] Connecting to External API...... For EPAM Authentication........Started ....{EPAM_C4_API_HOST_NAME_PWD_CACHE=15.63.21.3, EPAM_ACCOUNT_NAME=c4prod, EPAM_C4_API_RUN_AS_USER=auth.hpicorp.net\EPAMC4PRODRUNAS, EPAM_C4_API_KEY_STORE_PWD=changeit, EPAM_C4_API_KEY=ODU2MWZkMTY4YmQwY2I4OTg4MzljNWFmMzhlZmQ1MDg4Nzg3MDU1Y2YxNWEyMmRlY2Y0Y2MxZmNmYzk1MzhkNzAyMzFiZTFiZmIwMTNiOTgzYmNiNjViMDQ3MzdlYzE1MTQxOTg4M2EwYWNjNmUxYjNjY2JjMmYwZWU3MjI0N2U=, EPAM_C4_API_HOST_NAME_LLB=epam-dc-prod.corp.hpicloud.net, EPAM_SYSTEM_NAME=c4offp.inc.hpicorp.net%20(Db%20Instance:%20C4OFFP,%20Port:1525), EPAM_C4_API_KEY_STORE_FILE=D:/epam_cer/2023/Test/PROD/keystore_ca.cer}
[2023-09-06T12:28:06.006Z] [com.hp.c4.rsku.rSku.rest.epam.api.C4EpamApi] [75] [INFO ] Signed in as EPAMC4PRODRUNAS
[2023-09-06T12:28:06.006Z] [com.hp.c4.rsku.rSku.rest.epam.api.C4EpamApi] [80] [INFO ] Found System|Account: c4offp.inc.hpicorp.net (Db Instance: c4offp, Port:1525)|c4prod
[2023-09-06T12:28:06.006Z] [com.hp.c4.rsku.rSku.rest.epam.api.C4EpamApi] [91] [INFO ] Request ID: 8905578
[2023-09-06T12:28:06.006Z] [com.hp.c4.rsku.rSku.rest.epam.api.C4EpamApi] [96] [INFO ] ---
[2023-09-06T12:28:06.006Z] [com.hp.c4.rsku.rSku.rest.epam.api.C4EpamApi] [97] [INFO ] DFER*C4OF_458
[2023-09-06T12:28:06.006Z] [com.hp.c4.rsku.rSku.rest.epam.api.C4EpamApi] [98] [INFO ] ---
[2023-09-06T12:28:06.006Z] [com.hp.c4.rsku.rSku.rest.epam.api.C4EpamApi] [102] [INFO ] Request checked-in
[2023-09-06T12:28:06.006Z] [com.hp.c4.rsku.rSku.rest.epam.api.C4EpamApi] [106] [INFO ] Signed out
[2023-09-06T12:28:06.006Z] [com.hp.c4.rsku.rSku.rest.epam.api.C4EpamApi] [108] [INFO ] *****************************************************************************************************
[2023-09-06T12:28:06.006Z] [com.hp.c4.rsku.rSku.dbio.persistent.CdbConnectionMgr] [161] [INFO ] DB Password==DFER*C4OF_458:c4prod:jdbc:oracle:thin:@(DESCRIPTION = (SDU = 32768) (enable = broken) (LOAD_BALANCE = yes) (ADDRESS = (PROTOCOL = TCP)(HOST = c4offp.inc.hpicorp.net)(PORT = 1525)) (ADDRESS = (PROTOCOL = TCP)(HOST = c4offp.inc.hpicorp.net)(PORT = 1525)) (CONNECT_DATA = (SERVICE_NAME = C4OFFP)))
[2023-09-06T12:28:06.006Z] [com.hp.c4.rsku.rSku.dbio.persistent.CdbConnectionMgr] [203] [INFO ] ons string: nodes=c4offp.inc.hpicorp.net:6200,c4offp.inc.hpicorp.net:6200,c4offp.inc.hpicorp.net:6200,c4offp.inc.hpicorp.net:6200
[2023-09-06T12:28:06.006Z] [com.hp.c4.rsku.rSku.dbio.persistent.CdbConnectionMgr] [67] [INFO ] Pool created successfully for : c4.dbPool.Offline
[2023-09-06T12:28:06.006Z] [com.hp.c4.rsku.rSku.dbio.persistent.CdbConnectionMgr] [78] [INFO ] EPam Property File Path : D:/Pervez/C4/RSKU_Project/epam_config_PROD.properties
[2023-09-06T12:28:06.006Z] [com.hp.c4.rsku.rSku.dbio.persistent.CdbConnectionMgr] [127] [INFO ] EPam..{EPAM_C4_API_HOST_NAME_PWD_CACHE=15.63.21.3, EPAM_ACCOUNT_NAME=c4prod, EPAM_C4_API_RUN_AS_USER=auth.hpicorp.net\EPAMC4PRODRUNAS, EPAM_C4_API_KEY_STORE_PWD=changeit, EPAM_C4_API_KEY=ODU2MWZkMTY4YmQwY2I4OTg4MzljNWFmMzhlZmQ1MDg4Nzg3MDU1Y2YxNWEyMmRlY2Y0Y2MxZmNmYzk1MzhkNzAyMzFiZTFiZmIwMTNiOTgzYmNiNjViMDQ3MzdlYzE1MTQxOTg4M2EwYWNjNmUxYjNjY2JjMmYwZWU3MjI0N2U=, EPAM_C4_API_HOST_NAME_LLB=epam-dc-prod.corp.hpicloud.net, EPAM_SYSTEM_NAME=c4offp.inc.hpicorp.net%20(Db%20Instance:%20C4OFFP,%20Port:1525), EPAM_C4_API_KEY_STORE_FILE=D:/epam_cer/2023/Test/PROD/keystore_ca.cer}:
[2023-09-06T12:28:06.006Z] [com.hp.c4.rsku.rSku.rest.epam.api.C4EpamApi] [39] [INFO ] *****************************************************************************************************
[2023-09-06T12:28:06.006Z] [com.hp.c4.rsku.rSku.rest.epam.api.C4EpamApi] [56] [INFO ] Connecting to External API...... For EPAM Authentication........Started ....{EPAM_C4_API_HOST_NAME_PWD_CACHE=15.63.21.3, EPAM_ACCOUNT_NAME=gpssnap, EPAM_C4_API_RUN_AS_USER=auth.hpicorp.net\EPAMC4PRODRUNAS, EPAM_C4_API_KEY_STORE_PWD=changeit, EPAM_C4_API_KEY=ODU2MWZkMTY4YmQwY2I4OTg4MzljNWFmMzhlZmQ1MDg4Nzg3MDU1Y2YxNWEyMmRlY2Y0Y2MxZmNmYzk1MzhkNzAyMzFiZTFiZmIwMTNiOTgzYmNiNjViMDQ3MzdlYzE1MTQxOTg4M2EwYWNjNmUxYjNjY2JjMmYwZWU3MjI0N2U=, EPAM_C4_API_HOST_NAME_LLB=epam-dc-prod.corp.hpicloud.net, EPAM_SYSTEM_NAME=c4onsp.inc.hpicorp.net%20(Db%20Instance:%20C4ONSP,%20Port:1525), EPAM_C4_API_KEY_STORE_FILE=D:/epam_cer/2023/Test/PROD/keystore_ca.cer}
[2023-09-06T12:28:06.006Z] [com.hp.c4.rsku.rSku.rest.epam.api.C4EpamApi] [75] [INFO ] Signed in as EPAMC4PRODRUNAS
[2023-09-06T12:28:06.006Z] [com.hp.c4.rsku.rSku.rest.epam.api.C4EpamApi] [80] [INFO ] Found System|Account: c4onsp.inc.hpicorp.net (Db Instance: c4onsp, Port:1525)|gpssnap
[2023-09-06T12:28:06.006Z] [com.hp.c4.rsku.rSku.rest.epam.api.C4EpamApi] [91] [INFO ] Request ID: 8905580
[2023-09-06T12:28:06.006Z] [com.hp.c4.rsku.rSku.rest.epam.api.C4EpamApi] [96] [INFO ] ---
[2023-09-06T12:28:06.006Z] [com.hp.c4.rsku.rSku.rest.epam.api.C4EpamApi] [97] [INFO ] DFER*C4GP_458
[2023-09-06T12:28:06.006Z] [com.hp.c4.rsku.rSku.rest.epam.api.C4EpamApi] [98] [INFO ] ---
[2023-09-06T12:28:06.006Z] [com.hp.c4.rsku.rSku.rest.epam.api.C4EpamApi] [102] [INFO ] Request checked-in
[2023-09-06T12:28:06.006Z] [com.hp.c4.rsku.rSku.rest.epam.api.C4EpamApi] [106] [INFO ] Signed out
[2023-09-06T12:28:06.006Z] [com.hp.c4.rsku.rSku.rest.epam.api.C4EpamApi] [108] [INFO ] *****************************************************************************************************
[2023-09-06T12:28:06.006Z] [com.hp.c4.rsku.rSku.dbio.persistent.CdbConnectionMgr] [161] [INFO ] DB Password==DFER*C4GP_458:gpssnap:jdbc:oracle:thin:@(DESCRIPTION = (SDU = 32768) (enable = broken) (LOAD_BALANCE = yes) (ADDRESS = (PROTOCOL = TCP)(HOST = c4onsp.inc.hpicorp.net)(PORT = 1525)) (ADDRESS = (PROTOCOL = TCP)(HOST = c4onsp.inc.hpicorp.net)(PORT = 1525)) (CONNECT_DATA = (SERVICE_NAME = C4ONSP)))
[2023-09-06T12:28:06.006Z] [com.hp.c4.rsku.rSku.dbio.persistent.CdbConnectionMgr] [203] [INFO ] ons string: nodes=c4onsp.inc.hpicorp.net:6200,c4onsp.inc.hpicorp.net:6200,c4onsp.inc.hpicorp.net:6200,c4onsp.inc.hpicorp.net:6200
[2023-09-06T12:28:06.006Z] [com.hp.c4.rsku.rSku.dbio.persistent.CdbConnectionMgr] [67] [INFO ] Pool created successfully for : c4.dbPool.Util
[2023-09-06T12:28:06.006Z] [com.hp.c4.rsku.rSku.dbio.persistent.CdbConnectionMgr] [78] [INFO ] EPam Property File Path : D:/Pervez/C4/RSKU_Project/epam_config_PROD.properties
[2023-09-06T12:28:06.006Z] [com.hp.c4.rsku.rSku.dbio.persistent.CdbConnectionMgr] [127] [INFO ] EPam..{EPAM_C4_API_HOST_NAME_PWD_CACHE=15.63.21.3, EPAM_ACCOUNT_NAME=gpssnap, EPAM_C4_API_RUN_AS_USER=auth.hpicorp.net\EPAMC4PRODRUNAS, EPAM_C4_API_KEY_STORE_PWD=changeit, EPAM_C4_API_KEY=ODU2MWZkMTY4YmQwY2I4OTg4MzljNWFmMzhlZmQ1MDg4Nzg3MDU1Y2YxNWEyMmRlY2Y0Y2MxZmNmYzk1MzhkNzAyMzFiZTFiZmIwMTNiOTgzYmNiNjViMDQ3MzdlYzE1MTQxOTg4M2EwYWNjNmUxYjNjY2JjMmYwZWU3MjI0N2U=, EPAM_C4_API_HOST_NAME_LLB=epam-dc-prod.corp.hpicloud.net, EPAM_SYSTEM_NAME=c4onsp.inc.hpicorp.net%20(Db%20Instance:%20C4ONSP,%20Port:1525), EPAM_C4_API_KEY_STORE_FILE=D:/epam_cer/2023/Test/PROD/keystore_ca.cer}:
[2023-09-06T12:28:06.006Z] [com.hp.c4.rsku.rSku.rest.epam.api.C4EpamApi] [39] [INFO ] *****************************************************************************************************
[2023-09-06T12:28:06.006Z] [com.hp.c4.rsku.rSku.rest.epam.api.C4EpamApi] [56] [INFO ] Connecting to External API...... For EPAM Authentication........Started ....{EPAM_C4_API_HOST_NAME_PWD_CACHE=15.63.21.3, EPAM_ACCOUNT_NAME=infoshu, EPAM_C4_API_RUN_AS_USER=auth.hpicorp.net\EPAMC4PRODRUNAS, EPAM_C4_API_KEY_STORE_PWD=changeit, EPAM_C4_API_KEY=ODU2MWZkMTY4YmQwY2I4OTg4MzljNWFmMzhlZmQ1MDg4Nzg3MDU1Y2YxNWEyMmRlY2Y0Y2MxZmNmYzk1MzhkNzAyMzFiZTFiZmIwMTNiOTgzYmNiNjViMDQ3MzdlYzE1MTQxOTg4M2EwYWNjNmUxYjNjY2JjMmYwZWU3MjI0N2U=, EPAM_C4_API_HOST_NAME_LLB=epam-dc-prod.corp.hpicloud.net, EPAM_SYSTEM_NAME=c4infp.inc.hpicorp.net%20(Db%20Instance:%20C4INFP,%20Port:1525), EPAM_C4_API_KEY_STORE_FILE=D:/epam_cer/2023/Test/PROD/keystore_ca.cer}
[2023-09-06T12:28:06.006Z] [com.hp.c4.rsku.rSku.rest.epam.api.C4EpamApi] [75] [INFO ] Signed in as EPAMC4PRODRUNAS
[2023-09-06T12:28:06.006Z] [com.hp.c4.rsku.rSku.rest.epam.api.C4EpamApi] [80] [INFO ] Found System|Account: c4infp.inc.hpicorp.net (Db Instance: c4infp, Port:1525)|infoshu
[2023-09-06T12:28:07.007Z] [com.hp.c4.rsku.rSku.rest.epam.api.C4EpamApi] [91] [INFO ] Request ID: 8905577
[2023-09-06T12:28:07.007Z] [com.hp.c4.rsku.rSku.rest.epam.api.C4EpamApi] [96] [INFO ] ---
[2023-09-06T12:28:07.007Z] [com.hp.c4.rsku.rSku.rest.epam.api.C4EpamApi] [97] [INFO ] DFER*C4SH_458
[2023-09-06T12:28:07.007Z] [com.hp.c4.rsku.rSku.rest.epam.api.C4EpamApi] [98] [INFO ] ---
[2023-09-06T12:28:07.007Z] [com.hp.c4.rsku.rSku.rest.epam.api.C4EpamApi] [102] [INFO ] Request checked-in
[2023-09-06T12:28:07.007Z] [com.hp.c4.rsku.rSku.rest.epam.api.C4EpamApi] [106] [INFO ] Signed out
[2023-09-06T12:28:07.007Z] [com.hp.c4.rsku.rSku.rest.epam.api.C4EpamApi] [108] [INFO ] *****************************************************************************************************
[2023-09-06T12:28:07.007Z] [com.hp.c4.rsku.rSku.dbio.persistent.CdbConnectionMgr] [161] [INFO ] DB Password==DFER*C4SH_458:infoshu:jdbc:oracle:thin:@(DESCRIPTION = (SDU = 32768) (enable = broken) (LOAD_BALANCE = yes) (ADDRESS = (PROTOCOL = TCP)(HOST = c4infp.inc.hpicorp.net)(PORT = 1525)) (ADDRESS = (PROTOCOL = TCP)(HOST = c4infp.inc.hpicorp.net)(PORT = 1525)) (CONNECT_DATA = (SERVICE_NAME = C4INFP)))
[2023-09-06T12:28:07.007Z] [com.hp.c4.rsku.rSku.dbio.persistent.CdbConnectionMgr] [203] [INFO ] ons string: nodes=c4infp.inc.hpicorp.net:6200					 ,c4infp.inc.hpicorp.net:6200					 ,c4infp.inc.hpicorp.net:6200					 ,c4infp.inc.hpicorp.net:6200					 
[2023-09-06T12:28:07.007Z] [com.hp.c4.rsku.rSku.dbio.persistent.CdbConnectionMgr] [67] [INFO ] Pool created successfully for : c4.dbPool.c4security
[2023-09-06T12:28:07.007Z] [com.hp.c4.rsku.rSku.configuration.LoadRskuDBService] [86] [INFO ] All C4 DB Accounts Created Done..........
