[2022-05-31T11:52:18.018Z] [org.springframework.boot.StartupInfoLogger] [55] [INFO ] Starting RSkuApplication using Java 1.8.0_201 on DESKTOP-RUG5JL2 with PID 20292 (D:\Pervez\C4\RSKU_Project\rSku\target\classes started by mohammap in D:\Pervez\C4\RSKU_Project\rSku)
[2022-05-31T11:52:18.018Z] [org.springframework.boot.StartupInfoLogger] [56] [DEBUG] Running with Spring Boot v2.5.4, Spring v5.3.9
[2022-05-31T11:52:18.018Z] [org.springframework.boot.SpringApplication] [663] [INFO ] The following profiles are active: prod
[2022-05-31T11:52:19.019Z] [org.springframework.boot.logging.DeferredLog] [255] [INFO ] The Class-Path manifest attribute in D:\Users\mohammap\.m2\repository\com\oracle\database\jdbc\ojdbc8\21.1.0.0\ojdbc8-21.1.0.0.jar referenced one or more files that do not exist: file:/D:/Users/mohammap/.m2/repository/com/oracle/database/jdbc/ojdbc8/21.1.0.0/oraclepki.jar
[2022-05-31T11:52:19.019Z] [org.springframework.boot.logging.DeferredLog] [255] [INFO ] Devtools property defaults active! Set 'spring.devtools.add-properties' to 'false' to disable
[2022-05-31T11:52:19.019Z] [org.springframework.boot.logging.DeferredLog] [255] [INFO ] For additional web related logging consider setting the 'logging.level.web' property to 'DEBUG'
[2022-05-31T11:52:23.023Z] [org.springframework.data.repository.config.RepositoryConfigurationDelegate] [132] [INFO ] Bootstrapping Spring Data JPA repositories in DEFAULT mode.
[2022-05-31T11:52:23.023Z] [org.springframework.data.repository.config.RepositoryConfigurationDelegate] [201] [INFO ] Finished Spring Data repository scanning in 85 ms. Found 0 JPA repository interfaces.
[2022-05-31T11:52:27.027Z] [org.springframework.boot.web.embedded.tomcat.TomcatWebServer] [108] [INFO ] Tomcat initialized with port(s): 8081 (http)
[2022-05-31T11:52:27.027Z] [org.apache.juli.logging.DirectJDKLog] [173] [INFO ] Starting service [Tomcat]
[2022-05-31T11:52:27.027Z] [org.apache.juli.logging.DirectJDKLog] [173] [INFO ] Starting Servlet engine: [Apache Tomcat/9.0.52]
[2022-05-31T11:52:27.027Z] [org.apache.juli.logging.DirectJDKLog] [173] [INFO ] Initializing Spring embedded WebApplicationContext
[2022-05-31T11:52:27.027Z] [org.springframework.boot.web.servlet.context.ServletWebServerApplicationContext] [290] [INFO ] Root WebApplicationContext: initialization completed in 8775 ms
[2022-05-31T11:52:29.029Z] [com.zaxxer.hikari.HikariDataSource] [110] [INFO ] HikariPool-1 - Starting...
[2022-05-31T11:52:31.031Z] [com.zaxxer.hikari.HikariDataSource] [123] [INFO ] HikariPool-1 - Start completed.
[2022-05-31T11:52:31.031Z] [org.hibernate.jpa.internal.util.LogHelper] [31] [INFO ] HHH000204: Processing PersistenceUnitInfo [name: default]
[2022-05-31T11:52:32.032Z] [org.hibernate.Version] [44] [INFO ] HHH000412: Hibernate ORM core version 5.4.32.Final
[2022-05-31T11:52:33.033Z] [org.hibernate.annotations.common.reflection.java.JavaReflectionManager] [56] [INFO ] HCANN000001: Hibernate Commons Annotations {5.1.2.Final}
[2022-05-31T11:52:33.033Z] [org.hibernate.dialect.Dialect] [175] [INFO ] HHH000400: Using dialect: org.hibernate.dialect.Oracle12cDialect
[2022-05-31T11:52:36.036Z] [org.hibernate.engine.transaction.jta.platform.internal.JtaPlatformInitiator] [52] [INFO ] HHH000490: Using JtaPlatform implementation: [org.hibernate.engine.transaction.jta.platform.internal.NoJtaPlatform]
[2022-05-31T11:52:36.036Z] [org.springframework.orm.jpa.AbstractEntityManagerFactoryBean] [437] [INFO ] Initialized JPA EntityManagerFactory for persistence unit 'default'
[2022-05-31T11:52:37.037Z] [org.springframework.context.support.AbstractApplicationContext] [591] [WARN ] Exception encountered during context initialization - cancelling refresh attempt: org.springframework.beans.factory.BeanCreationException: Error creating bean with name 'epamController': Injection of autowired dependencies failed; nested exception is java.lang.IllegalArgumentException: Could not resolve placeholder 'epam.api.host.name' in value "${epam.api.host.name}"
[2022-05-31T11:52:37.037Z] [org.springframework.orm.jpa.AbstractEntityManagerFactoryBean] [651] [INFO ] Closing JPA EntityManagerFactory for persistence unit 'default'
[2022-05-31T11:52:37.037Z] [com.zaxxer.hikari.HikariDataSource] [350] [INFO ] HikariPool-1 - Shutdown initiated...
[2022-05-31T11:52:38.038Z] [com.zaxxer.hikari.HikariDataSource] [352] [INFO ] HikariPool-1 - Shutdown completed.
[2022-05-31T11:52:38.038Z] [org.apache.juli.logging.DirectJDKLog] [173] [INFO ] Stopping service [Tomcat]
[2022-05-31T11:52:38.038Z] [org.springframework.boot.autoconfigure.logging.ConditionEvaluationReportLoggingListener] [136] [INFO ] 

Error starting ApplicationContext. To display the conditions report re-run your application with 'debug' enabled.
[2022-05-31T11:52:38.038Z] [org.springframework.boot.SpringApplication] [843] [ERROR] Application run failed
org.springframework.beans.factory.BeanCreationException: Error creating bean with name 'epamController': Injection of autowired dependencies failed; nested exception is java.lang.IllegalArgumentException: Could not resolve placeholder 'epam.api.host.name' in value "${epam.api.host.name}"
	at org.springframework.beans.factory.annotation.AutowiredAnnotationBeanPostProcessor.postProcessProperties(AutowiredAnnotationBeanPostProcessor.java:405)
	at org.springframework.beans.factory.support.AbstractAutowireCapableBeanFactory.populateBean(AbstractAutowireCapableBeanFactory.java:1413)
	at org.springframework.beans.factory.support.AbstractAutowireCapableBeanFactory.doCreateBean(AbstractAutowireCapableBeanFactory.java:601)
	at org.springframework.beans.factory.support.AbstractAutowireCapableBeanFactory.createBean(AbstractAutowireCapableBeanFactory.java:524)
	at org.springframework.beans.factory.support.AbstractBeanFactory.lambda$doGetBean$0(AbstractBeanFactory.java:335)
	at org.springframework.beans.factory.support.DefaultSingletonBeanRegistry.getSingleton(DefaultSingletonBeanRegistry.java:234)
	at org.springframework.beans.factory.support.AbstractBeanFactory.doGetBean(AbstractBeanFactory.java:333)
	at org.springframework.beans.factory.support.AbstractBeanFactory.getBean(AbstractBeanFactory.java:208)
	at org.springframework.beans.factory.support.DefaultListableBeanFactory.preInstantiateSingletons(DefaultListableBeanFactory.java:944)
	at org.springframework.context.support.AbstractApplicationContext.finishBeanFactoryInitialization(AbstractApplicationContext.java:918)
	at org.springframework.context.support.AbstractApplicationContext.refresh(AbstractApplicationContext.java:583)
	at org.springframework.boot.web.servlet.context.ServletWebServerApplicationContext.refresh(ServletWebServerApplicationContext.java:145)
	at org.springframework.boot.SpringApplication.refresh(SpringApplication.java:754)
	at org.springframework.boot.SpringApplication.refreshContext(SpringApplication.java:434)
	at org.springframework.boot.SpringApplication.run(SpringApplication.java:338)
	at org.springframework.boot.SpringApplication.run(SpringApplication.java:1343)
	at org.springframework.boot.SpringApplication.run(SpringApplication.java:1332)
	at com.hp.c4.rsku.rSku.RSkuApplication.main(RSkuApplication.java:12)
	at sun.reflect.NativeMethodAccessorImpl.invoke0(Native Method)
	at sun.reflect.NativeMethodAccessorImpl.invoke(NativeMethodAccessorImpl.java:62)
	at sun.reflect.DelegatingMethodAccessorImpl.invoke(DelegatingMethodAccessorImpl.java:43)
	at java.lang.reflect.Method.invoke(Method.java:498)
	at org.springframework.boot.devtools.restart.RestartLauncher.run(RestartLauncher.java:49)
Caused by: java.lang.IllegalArgumentException: Could not resolve placeholder 'epam.api.host.name' in value "${epam.api.host.name}"
	at org.springframework.util.PropertyPlaceholderHelper.parseStringValue(PropertyPlaceholderHelper.java:180)
	at org.springframework.util.PropertyPlaceholderHelper.replacePlaceholders(PropertyPlaceholderHelper.java:126)
	at org.springframework.core.env.AbstractPropertyResolver.doResolvePlaceholders(AbstractPropertyResolver.java:239)
	at org.springframework.core.env.AbstractPropertyResolver.resolveRequiredPlaceholders(AbstractPropertyResolver.java:210)
	at org.springframework.context.support.PropertySourcesPlaceholderConfigurer.lambda$processProperties$0(PropertySourcesPlaceholderConfigurer.java:175)
	at org.springframework.beans.factory.support.AbstractBeanFactory.resolveEmbeddedValue(AbstractBeanFactory.java:936)
	at org.springframework.beans.factory.support.DefaultListableBeanFactory.doResolveDependency(DefaultListableBeanFactory.java:1321)
	at org.springframework.beans.factory.support.DefaultListableBeanFactory.resolveDependency(DefaultListableBeanFactory.java:1300)
	at org.springframework.beans.factory.annotation.AutowiredAnnotationBeanPostProcessor$AutowiredFieldElement.resolveFieldValue(AutowiredAnnotationBeanPostProcessor.java:657)
	at org.springframework.beans.factory.annotation.AutowiredAnnotationBeanPostProcessor$AutowiredFieldElement.inject(AutowiredAnnotationBeanPostProcessor.java:640)
	at org.springframework.beans.factory.annotation.InjectionMetadata.inject(InjectionMetadata.java:119)
	at org.springframework.beans.factory.annotation.AutowiredAnnotationBeanPostProcessor.postProcessProperties(AutowiredAnnotationBeanPostProcessor.java:399)
	... 22 common frames omitted
[2022-05-31T11:55:35.035Z] [org.springframework.boot.StartupInfoLogger] [55] [INFO ] Starting RSkuApplication using Java 1.8.0_201 on DESKTOP-RUG5JL2 with PID 22736 (D:\Pervez\C4\RSKU_Project\rSku\target\classes started by mohammap in D:\Pervez\C4\RSKU_Project\rSku)
[2022-05-31T11:55:35.035Z] [org.springframework.boot.StartupInfoLogger] [56] [DEBUG] Running with Spring Boot v2.5.4, Spring v5.3.9
[2022-05-31T11:55:35.035Z] [org.springframework.boot.SpringApplication] [663] [INFO ] The following profiles are active: prod
[2022-05-31T11:55:35.035Z] [org.springframework.boot.logging.DeferredLog] [255] [INFO ] The Class-Path manifest attribute in D:\Users\mohammap\.m2\repository\com\oracle\database\jdbc\ojdbc8\21.1.0.0\ojdbc8-21.1.0.0.jar referenced one or more files that do not exist: file:/D:/Users/mohammap/.m2/repository/com/oracle/database/jdbc/ojdbc8/21.1.0.0/oraclepki.jar
[2022-05-31T11:55:35.035Z] [org.springframework.boot.logging.DeferredLog] [255] [INFO ] Devtools property defaults active! Set 'spring.devtools.add-properties' to 'false' to disable
[2022-05-31T11:55:35.035Z] [org.springframework.boot.logging.DeferredLog] [255] [INFO ] For additional web related logging consider setting the 'logging.level.web' property to 'DEBUG'
[2022-05-31T11:55:39.039Z] [org.springframework.data.repository.config.RepositoryConfigurationDelegate] [132] [INFO ] Bootstrapping Spring Data JPA repositories in DEFAULT mode.
[2022-05-31T11:55:39.039Z] [org.springframework.data.repository.config.RepositoryConfigurationDelegate] [201] [INFO ] Finished Spring Data repository scanning in 115 ms. Found 0 JPA repository interfaces.
[2022-05-31T11:55:43.043Z] [org.springframework.boot.web.embedded.tomcat.TomcatWebServer] [108] [INFO ] Tomcat initialized with port(s): 8081 (http)
[2022-05-31T11:55:43.043Z] [org.apache.juli.logging.DirectJDKLog] [173] [INFO ] Starting service [Tomcat]
[2022-05-31T11:55:43.043Z] [org.apache.juli.logging.DirectJDKLog] [173] [INFO ] Starting Servlet engine: [Apache Tomcat/9.0.52]
[2022-05-31T11:55:43.043Z] [org.apache.juli.logging.DirectJDKLog] [173] [INFO ] Initializing Spring embedded WebApplicationContext
[2022-05-31T11:55:43.043Z] [org.springframework.boot.web.servlet.context.ServletWebServerApplicationContext] [290] [INFO ] Root WebApplicationContext: initialization completed in 8121 ms
[2022-05-31T11:55:45.045Z] [com.zaxxer.hikari.HikariDataSource] [110] [INFO ] HikariPool-1 - Starting...
[2022-05-31T11:55:47.047Z] [com.zaxxer.hikari.HikariDataSource] [123] [INFO ] HikariPool-1 - Start completed.
[2022-05-31T11:55:48.048Z] [org.hibernate.jpa.internal.util.LogHelper] [31] [INFO ] HHH000204: Processing PersistenceUnitInfo [name: default]
[2022-05-31T11:55:49.049Z] [org.hibernate.Version] [44] [INFO ] HHH000412: Hibernate ORM core version 5.4.32.Final
[2022-05-31T11:55:49.049Z] [org.hibernate.annotations.common.reflection.java.JavaReflectionManager] [56] [INFO ] HCANN000001: Hibernate Commons Annotations {5.1.2.Final}
[2022-05-31T11:55:50.050Z] [org.hibernate.dialect.Dialect] [175] [INFO ] HHH000400: Using dialect: org.hibernate.dialect.Oracle12cDialect
[2022-05-31T11:55:54.054Z] [org.hibernate.engine.transaction.jta.platform.internal.JtaPlatformInitiator] [52] [INFO ] HHH000490: Using JtaPlatform implementation: [org.hibernate.engine.transaction.jta.platform.internal.NoJtaPlatform]
[2022-05-31T11:55:55.055Z] [org.springframework.orm.jpa.AbstractEntityManagerFactoryBean] [437] [INFO ] Initialized JPA EntityManagerFactory for persistence unit 'default'
[2022-05-31T11:55:58.058Z] [org.springframework.boot.autoconfigure.orm.jpa.JpaBaseConfiguration$JpaWebConfiguration] [219] [WARN ] spring.jpa.open-in-view is enabled by default. Therefore, database queries may be performed during view rendering. Explicitly configure spring.jpa.open-in-view to disable this warning
[2022-05-31T11:55:59.059Z] [com.hp.c4.rsku.rSku.configuration.LoadRskuDBService] [61] [ERROR] Error: null
[2022-05-31T11:56:00.000Z] [org.springframework.boot.devtools.autoconfigure.OptionalLiveReloadServer] [58] [INFO ] LiveReload server is running on port 35729
[2022-05-31T11:56:00.000Z] [org.springframework.boot.web.embedded.tomcat.TomcatWebServer] [220] [INFO ] Tomcat started on port(s): 8081 (http) with context path ''
[2022-05-31T11:56:00.000Z] [springfox.documentation.spring.web.plugins.DocumentationPluginsBootstrapper] [120] [INFO ] Context refreshed
[2022-05-31T11:56:01.001Z] [springfox.documentation.spring.web.plugins.DocumentationPluginsBootstrapper] [123] [INFO ] Found 1 custom documentation plugin(s)
[2022-05-31T11:56:01.001Z] [springfox.documentation.spring.web.scanners.ApiListingReferenceScanner] [41] [INFO ] Scanning for api listing references
[2022-05-31T11:56:02.002Z] [org.springframework.boot.StartupInfoLogger] [61] [INFO ] Started RSkuApplication in 28.196 seconds (JVM running for 32.153)
